- Plan: 
    Node Type: "Nested Loop"
    Parallel Aware: false
    Async Capable: false
    Join Type: "Inner"
    Startup Cost: 0.00
    Total Cost: 194.49
    Plan Rows: 4
    Plan Width: 173
    Actual Startup Time: 1.446
    Actual Total Time: 1.450
    Actual Rows: 4
    Actual Loops: 1
    Output: 
      - "ns.nspname"
      - "schema_owner.rolname"
      - "ns.nspacl"
    Inner Unique: false
    Join Filter: "(ns.nspowner = schema_owner.oid)"
    Rows Removed by Join Filter: 44
    Shared Hit Blocks: 73
    Shared Read Blocks: 0
    Shared Dirtied Blocks: 0
    Shared Written Blocks: 0
    Local Hit Blocks: 0
    Local Read Blocks: 0
    Local Dirtied Blocks: 0
    Local Written Blocks: 0
    Temp Read Blocks: 0
    Temp Written Blocks: 0
    Plans: 
      - Node Type: "Seq Scan"
        Parent Relationship: "Outer"
        Parallel Aware: false
        Async Capable: false
        Relation Name: "pg_authid"
        Schema: "pg_catalog"
        Alias: "schema_owner"
        Startup Cost: 0.00
        Total Cost: 1.12
        Plan Rows: 12
        Plan Width: 68
        Actual Startup Time: 0.004
        Actual Total Time: 0.006
        Actual Rows: 12
        Actual Loops: 1
        Output: 
          - "schema_owner.oid"
          - "schema_owner.rolname"
          - "schema_owner.rolsuper"
          - "schema_owner.rolinherit"
          - "schema_owner.rolcreaterole"
          - "schema_owner.rolcreatedb"
          - "schema_owner.rolcanlogin"
          - "schema_owner.rolreplication"
          - "schema_owner.rolbypassrls"
          - "schema_owner.rolconnlimit"
          - "schema_owner.rolpassword"
          - "schema_owner.rolvaliduntil"
        Shared Hit Blocks: 1
        Shared Read Blocks: 0
        Shared Dirtied Blocks: 0
        Shared Written Blocks: 0
        Local Hit Blocks: 0
        Local Read Blocks: 0
        Local Dirtied Blocks: 0
        Local Written Blocks: 0
        Temp Read Blocks: 0
        Temp Written Blocks: 0
      - Node Type: "Materialize"
        Parent Relationship: "Inner"
        Parallel Aware: false
        Async Capable: false
        Startup Cost: 0.00
        Total Cost: 192.66
        Plan Rows: 4
        Plan Width: 113
        Actual Startup Time: 0.118
        Actual Total Time: 0.119
        Actual Rows: 4
        Actual Loops: 12
        Output: 
          - "ns.nspname"
          - "ns.nspacl"
          - "ns.nspowner"
        Shared Hit Blocks: 72
        Shared Read Blocks: 0
        Shared Dirtied Blocks: 0
        Shared Written Blocks: 0
        Local Hit Blocks: 0
        Local Read Blocks: 0
        Local Dirtied Blocks: 0
        Local Written Blocks: 0
        Temp Read Blocks: 0
        Temp Written Blocks: 0
        Plans: 
          - Node Type: "Nested Loop"
            Parent Relationship: "Outer"
            Parallel Aware: false
            Async Capable: false
            Join Type: "Anti"
            Startup Cost: 0.00
            Total Cost: 192.64
            Plan Rows: 4
            Plan Width: 113
            Actual Startup Time: 1.404
            Actual Total Time: 1.412
            Actual Rows: 4
            Actual Loops: 1
            Output: 
              - "ns.nspname"
              - "ns.nspacl"
              - "ns.nspowner"
            Inner Unique: false
            Join Filter: "(ns.oid = dependency.objid)"
            Rows Removed by Join Filter: 16
            Shared Hit Blocks: 72
            Shared Read Blocks: 0
            Shared Dirtied Blocks: 0
            Shared Written Blocks: 0
            Local Hit Blocks: 0
            Local Read Blocks: 0
            Local Dirtied Blocks: 0
            Local Written Blocks: 0
            Temp Read Blocks: 0
            Temp Written Blocks: 0
            Plans: 
              - Node Type: "Seq Scan"
                Parent Relationship: "Outer"
                Parallel Aware: false
                Async Capable: false
                Relation Name: "pg_namespace"
                Schema: "pg_catalog"
                Alias: "ns"
                Startup Cost: 0.00
                Total Cost: 1.04
                Plan Rows: 4
                Plan Width: 117
                Actual Startup Time: 0.002
                Actual Total Time: 0.003
                Actual Rows: 4
                Actual Loops: 1
                Output: 
                  - "ns.oid"
                  - "ns.nspname"
                  - "ns.nspowner"
                  - "ns.nspacl"
                Shared Hit Blocks: 1
                Shared Read Blocks: 0
                Shared Dirtied Blocks: 0
                Shared Written Blocks: 0
                Local Hit Blocks: 0
                Local Read Blocks: 0
                Local Dirtied Blocks: 0
                Local Written Blocks: 0
                Temp Read Blocks: 0
                Temp Written Blocks: 0
              - Node Type: "Materialize"
                Parent Relationship: "Inner"
                Parallel Aware: false
                Async Capable: false
                Startup Cost: 0.00
                Total Cost: 191.37
                Plan Rows: 4
                Plan Width: 4
                Actual Startup Time: 0.318
                Actual Total Time: 0.350
                Actual Rows: 4
                Actual Loops: 4
                Output: 
                  - "dependency.objid"
                Shared Hit Blocks: 71
                Shared Read Blocks: 0
                Shared Dirtied Blocks: 0
                Shared Written Blocks: 0
                Local Hit Blocks: 0
                Local Read Blocks: 0
                Local Dirtied Blocks: 0
                Local Written Blocks: 0
                Temp Read Blocks: 0
                Temp Written Blocks: 0
                Plans: 
                  - Node Type: "Seq Scan"
                    Parent Relationship: "Outer"
                    Parallel Aware: false
                    Async Capable: false
                    Relation Name: "pg_depend"
                    Schema: "pg_catalog"
                    Alias: "dependency"
                    Startup Cost: 0.00
                    Total Cost: 191.35
                    Plan Rows: 4
                    Plan Width: 4
                    Actual Startup Time: 1.253
                    Actual Total Time: 1.378
                    Actual Rows: 4
                    Actual Loops: 1
                    Output: 
                      - "dependency.objid"
                    Filter: "(dependency.deptype = 'e'::\"char\")"
                    Rows Removed by Filter: 9587
                    Shared Hit Blocks: 71
                    Shared Read Blocks: 0
                    Shared Dirtied Blocks: 0
                    Shared Written Blocks: 0
                    Local Hit Blocks: 0
                    Local Read Blocks: 0
                    Local Dirtied Blocks: 0
                    Local Written Blocks: 0
                    Temp Read Blocks: 0
                    Temp Written Blocks: 0
  Planning: 
    Shared Hit Blocks: 16
    Shared Read Blocks: 0
    Shared Dirtied Blocks: 0
    Shared Written Blocks: 0
    Local Hit Blocks: 0
    Local Read Blocks: 0
    Local Dirtied Blocks: 0
    Local Written Blocks: 0
    Temp Read Blocks: 0
    Temp Written Blocks: 0
  Planning Time: 0.412
  Triggers: 
  Execution Time: 1.521