- Plan: 
    Node Type: "Hash Join"
    Parallel Aware: false
    Async Capable: false
    Join Type: "Anti"
    Startup Cost: 243.83
    Total Cost: 244.19
    Plan Rows: 4
    Plan Width: 173
    Actual Startup Time: 1.602
    Actual Total Time: 1.642
    Actual Rows: 21
    Actual Loops: 1
    Output: 
      - "ns.nspname"
      - "schema_owner.rolname"
      - "ns.nspacl"
    Inner Unique: false
    Hash Cond: "(ns.oid = dependency.objid)"
    Shared Hit Blocks: 93
    Shared Read Blocks: 0
    Shared Dirtied Blocks: 0
    Shared Written Blocks: 0
    Local Hit Blocks: 0
    Local Read Blocks: 0
    Local Dirtied Blocks: 0
    Local Written Blocks: 0
    Temp Read Blocks: 0
    Temp Written Blocks: 0
    Plans: 
      - Node Type: "Merge Join"
        Parent Relationship: "Outer"
        Parallel Aware: false
        Async Capable: false
        Join Type: "Inner"
        Startup Cost: 1.22
        Total Cost: 1.53
        Plan Rows: 4
        Plan Width: 177
        Actual Startup Time: 0.044
        Actual Total Time: 0.076
        Actual Rows: 21
        Actual Loops: 1
        Output: 
          - "ns.nspname"
          - "ns.nspacl"
          - "ns.oid"
          - "schema_owner.rolname"
        Inner Unique: false
        Merge Cond: "(schema_owner.oid = ns.nspowner)"
        Shared Hit Blocks: 3
        Shared Read Blocks: 0
        Shared Dirtied Blocks: 0
        Shared Written Blocks: 0
        Local Hit Blocks: 0
        Local Read Blocks: 0
        Local Dirtied Blocks: 0
        Local Written Blocks: 0
        Temp Read Blocks: 0
        Temp Written Blocks: 0
        Plans: 
          - Node Type: "Index Scan"
            Parent Relationship: "Outer"
            Parallel Aware: false
            Async Capable: false
            Scan Direction: "Forward"
            Index Name: "pg_authid_oid_index"
            Relation Name: "pg_authid"
            Schema: "pg_catalog"
            Alias: "schema_owner"
            Startup Cost: 0.14
            Total Cost: 12.92
            Plan Rows: 52
            Plan Width: 68
            Actual Startup Time: 0.014
            Actual Total Time: 0.026
            Actual Rows: 52
            Actual Loops: 1
            Output: 
              - "schema_owner.oid"
              - "schema_owner.rolname"
              - "schema_owner.rolsuper"
              - "schema_owner.rolinherit"
              - "schema_owner.rolcreaterole"
              - "schema_owner.rolcreatedb"
              - "schema_owner.rolcanlogin"
              - "schema_owner.rolreplication"
              - "schema_owner.rolbypassrls"
              - "schema_owner.rolconnlimit"
              - "schema_owner.rolpassword"
              - "schema_owner.rolvaliduntil"
            Shared Hit Blocks: 2
            Shared Read Blocks: 0
            Shared Dirtied Blocks: 0
            Shared Written Blocks: 0
            Local Hit Blocks: 0
            Local Read Blocks: 0
            Local Dirtied Blocks: 0
            Local Written Blocks: 0
            Temp Read Blocks: 0
            Temp Written Blocks: 0
          - Node Type: "Sort"
            Parent Relationship: "Inner"
            Parallel Aware: false
            Async Capable: false
            Startup Cost: 1.08
            Total Cost: 1.09
            Plan Rows: 4
            Plan Width: 117
            Actual Startup Time: 0.026
            Actual Total Time: 0.029
            Actual Rows: 21
            Actual Loops: 1
            Output: 
              - "ns.nspname"
              - "ns.nspacl"
              - "ns.nspowner"
              - "ns.oid"
            Sort Key: 
              - "ns.nspowner"
            Sort Method: "quicksort"
            Sort Space Used: 28
            Sort Space Type: "Memory"
            Shared Hit Blocks: 1
            Shared Read Blocks: 0
            Shared Dirtied Blocks: 0
            Shared Written Blocks: 0
            Local Hit Blocks: 0
            Local Read Blocks: 0
            Local Dirtied Blocks: 0
            Local Written Blocks: 0
            Temp Read Blocks: 0
            Temp Written Blocks: 0
            Plans: 
              - Node Type: "Seq Scan"
                Parent Relationship: "Outer"
                Parallel Aware: false
                Async Capable: false
                Relation Name: "pg_namespace"
                Schema: "pg_catalog"
                Alias: "ns"
                Startup Cost: 0.00
                Total Cost: 1.04
                Plan Rows: 4
                Plan Width: 117
                Actual Startup Time: 0.008
                Actual Total Time: 0.013
                Actual Rows: 21
                Actual Loops: 1
                Output: 
                  - "ns.nspname"
                  - "ns.nspacl"
                  - "ns.nspowner"
                  - "ns.oid"
                Shared Hit Blocks: 1
                Shared Read Blocks: 0
                Shared Dirtied Blocks: 0
                Shared Written Blocks: 0
                Local Hit Blocks: 0
                Local Read Blocks: 0
                Local Dirtied Blocks: 0
                Local Written Blocks: 0
                Temp Read Blocks: 0
                Temp Written Blocks: 0
      - Node Type: "Hash"
        Parent Relationship: "Inner"
        Parallel Aware: false
        Async Capable: false
        Startup Cost: 241.33
        Total Cost: 241.33
        Plan Rows: 103
        Plan Width: 4
        Actual Startup Time: 1.548
        Actual Total Time: 1.549
        Actual Rows: 103
        Actual Loops: 1
        Output: 
          - "dependency.objid"
        Hash Buckets: 1024
        Original Hash Buckets: 1024
        Hash Batches: 1
        Original Hash Batches: 1
        Peak Memory Usage: 12
        Shared Hit Blocks: 90
        Shared Read Blocks: 0
        Shared Dirtied Blocks: 0
        Shared Written Blocks: 0
        Local Hit Blocks: 0
        Local Read Blocks: 0
        Local Dirtied Blocks: 0
        Local Written Blocks: 0
        Temp Read Blocks: 0
        Temp Written Blocks: 0
        Plans: 
          - Node Type: "Seq Scan"
            Parent Relationship: "Outer"
            Parallel Aware: false
            Async Capable: false
            Relation Name: "pg_depend"
            Schema: "pg_catalog"
            Alias: "dependency"
            Startup Cost: 0.00
            Total Cost: 241.33
            Plan Rows: 103
            Plan Width: 4
            Actual Startup Time: 1.055
            Actual Total Time: 1.509
            Actual Rows: 103
            Actual Loops: 1
            Output: 
              - "dependency.objid"
            Filter: "(dependency.deptype = 'e'::\"char\")"
            Rows Removed by Filter: 12003
            Shared Hit Blocks: 90
            Shared Read Blocks: 0
            Shared Dirtied Blocks: 0
            Shared Written Blocks: 0
            Local Hit Blocks: 0
            Local Read Blocks: 0
            Local Dirtied Blocks: 0
            Local Written Blocks: 0
            Temp Read Blocks: 0
            Temp Written Blocks: 0
  Planning: 
    Shared Hit Blocks: 18
    Shared Read Blocks: 0
    Shared Dirtied Blocks: 0
    Shared Written Blocks: 0
    Local Hit Blocks: 0
    Local Read Blocks: 0
    Local Dirtied Blocks: 0
    Local Written Blocks: 0
    Temp Read Blocks: 0
    Temp Written Blocks: 0
  Planning Time: 0.386
  Triggers: 
  Execution Time: 1.719