- Plan: 
    Node Type: "Nested Loop"
    Parallel Aware: false
    Async Capable: false
    Join Type: "Inner"
    Startup Cost: 0.00
    Total Cost: 245.84
    Plan Rows: 1
    Plan Width: 173
    Actual Startup Time: 1.706
    Actual Total Time: 19.988
    Actual Rows: 18
    Actual Loops: 1
    Output: 
      - "ns.nspname"
      - "schema_owner.rolname"
      - "ns.nspacl"
    Inner Unique: true
    Join Filter: "(ns.nspowner = schema_owner.oid)"
    Rows Removed by Join Filter: 547
    Shared Hit Blocks: 1639
    Shared Read Blocks: 0
    Shared Dirtied Blocks: 0
    Shared Written Blocks: 0
    Local Hit Blocks: 0
    Local Read Blocks: 0
    Local Dirtied Blocks: 0
    Local Written Blocks: 0
    Temp Read Blocks: 0
    Temp Written Blocks: 0
    Plans: 
      - Node Type: "Nested Loop"
        Parent Relationship: "Outer"
        Parallel Aware: false
        Async Capable: false
        Join Type: "Anti"
        Startup Cost: 0.00
        Total Cost: 243.67
        Plan Rows: 1
        Plan Width: 113
        Actual Startup Time: 1.680
        Actual Total Time: 19.795
        Actual Rows: 18
        Actual Loops: 1
        Output: 
          - "ns.nspname"
          - "ns.nspacl"
          - "ns.nspowner"
        Inner Unique: false
        Join Filter: "(ns.oid = dependency.objid)"
        Rows Removed by Join Filter: 1854
        Shared Hit Blocks: 1621
        Shared Read Blocks: 0
        Shared Dirtied Blocks: 0
        Shared Written Blocks: 0
        Local Hit Blocks: 0
        Local Read Blocks: 0
        Local Dirtied Blocks: 0
        Local Written Blocks: 0
        Temp Read Blocks: 0
        Temp Written Blocks: 0
        Plans: 
          - Node Type: "Seq Scan"
            Parent Relationship: "Outer"
            Parallel Aware: false
            Async Capable: false
            Relation Name: "pg_namespace"
            Schema: "pg_catalog"
            Alias: "ns"
            Startup Cost: 0.00
            Total Cost: 1.05
            Plan Rows: 1
            Plan Width: 117
            Actual Startup Time: 0.013
            Actual Total Time: 0.029
            Actual Rows: 18
            Actual Loops: 1
            Output: 
              - "ns.oid"
              - "ns.nspname"
              - "ns.nspowner"
              - "ns.nspacl"
            Filter: "(ns.nspname <> ALL ('{pg_catalog,pg_toast,information_schema}'::name[]))"
            Rows Removed by Filter: 3
            Shared Hit Blocks: 1
            Shared Read Blocks: 0
            Shared Dirtied Blocks: 0
            Shared Written Blocks: 0
            Local Hit Blocks: 0
            Local Read Blocks: 0
            Local Dirtied Blocks: 0
            Local Written Blocks: 0
            Temp Read Blocks: 0
            Temp Written Blocks: 0
          - Node Type: "Seq Scan"
            Parent Relationship: "Inner"
            Parallel Aware: false
            Async Capable: false
            Relation Name: "pg_depend"
            Schema: "pg_catalog"
            Alias: "dependency"
            Startup Cost: 0.00
            Total Cost: 241.33
            Plan Rows: 103
            Plan Width: 4
            Actual Startup Time: 0.783
            Actual Total Time: 1.085
            Actual Rows: 103
            Actual Loops: 18
            Output: 
              - "dependency.classid"
              - "dependency.objid"
              - "dependency.objsubid"
              - "dependency.refclassid"
              - "dependency.refobjid"
              - "dependency.refobjsubid"
              - "dependency.deptype"
            Filter: "(dependency.deptype = 'e'::\"char\")"
            Rows Removed by Filter: 12003
            Shared Hit Blocks: 1620
            Shared Read Blocks: 0
            Shared Dirtied Blocks: 0
            Shared Written Blocks: 0
            Local Hit Blocks: 0
            Local Read Blocks: 0
            Local Dirtied Blocks: 0
            Local Written Blocks: 0
            Temp Read Blocks: 0
            Temp Written Blocks: 0
      - Node Type: "Seq Scan"
        Parent Relationship: "Inner"
        Parallel Aware: false
        Async Capable: false
        Relation Name: "pg_authid"
        Schema: "pg_catalog"
        Alias: "schema_owner"
        Startup Cost: 0.00
        Total Cost: 1.52
        Plan Rows: 52
        Plan Width: 68
        Actual Startup Time: 0.002
        Actual Total Time: 0.004
        Actual Rows: 31
        Actual Loops: 18
        Output: 
          - "schema_owner.oid"
          - "schema_owner.rolname"
          - "schema_owner.rolsuper"
          - "schema_owner.rolinherit"
          - "schema_owner.rolcreaterole"
          - "schema_owner.rolcreatedb"
          - "schema_owner.rolcanlogin"
          - "schema_owner.rolreplication"
          - "schema_owner.rolbypassrls"
          - "schema_owner.rolconnlimit"
          - "schema_owner.rolpassword"
          - "schema_owner.rolvaliduntil"
        Shared Hit Blocks: 18
        Shared Read Blocks: 0
        Shared Dirtied Blocks: 0
        Shared Written Blocks: 0
        Local Hit Blocks: 0
        Local Read Blocks: 0
        Local Dirtied Blocks: 0
        Local Written Blocks: 0
        Temp Read Blocks: 0
        Temp Written Blocks: 0
  Planning: 
    Shared Hit Blocks: 12
    Shared Read Blocks: 0
    Shared Dirtied Blocks: 0
    Shared Written Blocks: 0
    Local Hit Blocks: 0
    Local Read Blocks: 0
    Local Dirtied Blocks: 0
    Local Written Blocks: 0
    Temp Read Blocks: 0
    Temp Written Blocks: 0
  Planning Time: 0.460
  Triggers: 
  Execution Time: 20.035